<?xml version="1.0" encoding="UTF-8"?>
<testng-results ignored="0" total="7" passed="6" failed="1" skipped="0">
  <reporter-output>
  </reporter-output>
  <suite started-at="2025-08-24T15:27:33 IST" name="Functional Suite" finished-at="2025-08-24T15:28:08 IST" duration-ms="34699">
    <groups>
      <group name="Regression">
        <method signature="labsession16august_Q1.logoutTest()[pri:0, instance:Wipro.TestNG.labsession16august_Q1@7c711375]" name="logoutTest" class="Wipro.TestNG.labsession16august_Q1"/>
        <method signature="labsession16august_Q1.paymentTest()[pri:0, instance:Wipro.TestNG.labsession16august_Q1@7c711375]" name="paymentTest" class="Wipro.TestNG.labsession16august_Q1"/>
      </group> <!-- Regression -->
      <group name="Smoke">
        <method signature="labsession16august_Q1.loginTest()[pri:0, instance:Wipro.TestNG.labsession16august_Q1@7c711375]" name="loginTest" class="Wipro.TestNG.labsession16august_Q1"/>
        <method signature="labsession16august_Q1.logoutTest()[pri:0, instance:Wipro.TestNG.labsession16august_Q1@7c711375]" name="logoutTest" class="Wipro.TestNG.labsession16august_Q1"/>
      </group> <!-- Smoke -->
    </groups>
    <test started-at="2025-08-24T15:27:33 IST" name="Smoke Tests" finished-at="2025-08-24T15:28:08 IST" duration-ms="34699">
      <class name="Wipro.TestNG.MultipleTestCases">
        <test-method signature="radiobuttons()[pri:0, instance:Wipro.TestNG.MultipleTestCases@32502377]" started-at="2025-08-24T15:27:33 IST" name="radiobuttons" finished-at="2025-08-24T15:27:40 IST" duration-ms="7263" status="PASS">
          <reporter-output>
          </reporter-output>
        </test-method> <!-- radiobuttons -->
        <test-method signature="testdragdrop()[pri:0, instance:Wipro.TestNG.MultipleTestCases@32502377]" started-at="2025-08-24T15:27:40 IST" name="testdragdrop" finished-at="2025-08-24T15:27:40 IST" duration-ms="37" status="FAIL">
          <exception class="org.openqa.selenium.remote.NoSuchDriverException">
            <message>
              <![CDATA[Unable to obtain: msedgedriver, error msedgedriver must exist: C:\Users\Harsha Patil\Desktop\Corporate Trainings\IIHT\Screen shots\edgedriver_win64\msedgedriver.exe
For documentation on this error, please visit: https://www.selenium.dev/documentation/webdriver/troubleshooting/errors/driver_location/
Build info: version: '4.31.0', revision: '1ef9f18787*'
System info: os.name: 'Windows 11', os.arch: 'amd64', os.version: '10.0', java.version: '17.0.4.1'
Driver info: driver.version: EdgeDriver]]>
            </message>
            <full-stacktrace>
              <![CDATA[org.openqa.selenium.remote.NoSuchDriverException: Unable to obtain: msedgedriver, error msedgedriver must exist: C:\Users\Harsha Patil\Desktop\Corporate Trainings\IIHT\Screen shots\edgedriver_win64\msedgedriver.exe
For documentation on this error, please visit: https://www.selenium.dev/documentation/webdriver/troubleshooting/errors/driver_location/
Build info: version: '4.31.0', revision: '1ef9f18787*'
System info: os.name: 'Windows 11', os.arch: 'amd64', os.version: '10.0', java.version: '17.0.4.1'
Driver info: driver.version: EdgeDriver
at org.openqa.selenium.remote.service.DriverFinder.getBinaryPaths(DriverFinder.java:121)
at org.openqa.selenium.remote.service.DriverFinder.getDriverPath(DriverFinder.java:55)
at org.openqa.selenium.edge.EdgeDriver.generateExecutor(EdgeDriver.java:71)
at org.openqa.selenium.edge.EdgeDriver.<init>(EdgeDriver.java:60)
at org.openqa.selenium.edge.EdgeDriver.<init>(EdgeDriver.java:56)
at org.openqa.selenium.edge.EdgeDriver.<init>(EdgeDriver.java:48)
at org.openqa.selenium.edge.EdgeDriver.<init>(EdgeDriver.java:44)
at Wipro.TestNG.MultipleTestCases.testdragdrop(MultipleTestCases.java:133)
at java.base/jdk.internal.reflect.NativeMethodAccessorImpl.invoke0(Native Method)
at java.base/jdk.internal.reflect.NativeMethodAccessorImpl.invoke(NativeMethodAccessorImpl.java:77)
at java.base/jdk.internal.reflect.DelegatingMethodAccessorImpl.invoke(DelegatingMethodAccessorImpl.java:43)
at java.base/java.lang.reflect.Method.invoke(Method.java:568)
at org.testng.internal.invokers.MethodInvocationHelper.invokeMethod(MethodInvocationHelper.java:139)
at org.testng.internal.invokers.TestInvoker.invokeMethod(TestInvoker.java:664)
at org.testng.internal.invokers.TestInvoker.invokeTestMethod(TestInvoker.java:227)
at org.testng.internal.invokers.MethodRunner.runInSequence(MethodRunner.java:50)
at org.testng.internal.invokers.TestInvoker$MethodInvocationAgent.invoke(TestInvoker.java:957)
at org.testng.internal.invokers.TestInvoker.invokeTestMethods(TestInvoker.java:200)
at org.testng.internal.invokers.TestMethodWorker.invokeTestMethods(TestMethodWorker.java:148)
at org.testng.internal.invokers.TestMethodWorker.run(TestMethodWorker.java:128)
at java.base/java.util.ArrayList.forEach(ArrayList.java:1511)
at org.testng.TestRunner.privateRun(TestRunner.java:848)
at org.testng.TestRunner.run(TestRunner.java:621)
at org.testng.SuiteRunner.runTest(SuiteRunner.java:443)
at org.testng.SuiteRunner.runSequentially(SuiteRunner.java:437)
at org.testng.SuiteRunner.privateRun(SuiteRunner.java:397)
at org.testng.SuiteRunner.run(SuiteRunner.java:336)
at org.testng.SuiteRunnerWorker.runSuite(SuiteRunnerWorker.java:52)
at org.testng.SuiteRunnerWorker.run(SuiteRunnerWorker.java:95)
at org.testng.TestNG.runSuitesSequentially(TestNG.java:1280)
at org.testng.TestNG.runSuitesLocally(TestNG.java:1200)
at org.testng.TestNG.runSuites(TestNG.java:1114)
at org.testng.TestNG.run(TestNG.java:1082)
at org.apache.maven.surefire.testng.TestNGExecutor.run(TestNGExecutor.java:308)
at org.apache.maven.surefire.testng.TestNGXmlTestSuite.execute(TestNGXmlTestSuite.java:71)
at org.apache.maven.surefire.testng.TestNGProvider.invoke(TestNGProvider.java:113)
at org.apache.maven.surefire.booter.ForkedBooter.runSuitesInProcess(ForkedBooter.java:385)
at org.apache.maven.surefire.booter.ForkedBooter.execute(ForkedBooter.java:162)
at org.apache.maven.surefire.booter.ForkedBooter.run(ForkedBooter.java:507)
at org.apache.maven.surefire.booter.ForkedBooter.main(ForkedBooter.java:495)
Caused by: java.lang.IllegalStateException: msedgedriver must exist: C:\Users\Harsha Patil\Desktop\Corporate Trainings\IIHT\Screen shots\edgedriver_win64\msedgedriver.exe
at org.openqa.selenium.internal.Require$PathStateChecker.isExecutable(Require.java:475)
at org.openqa.selenium.remote.service.DriverFinder.getBinaryPaths(DriverFinder.java:118)
... 39 more
]]>
            </full-stacktrace>
          </exception> <!-- org.openqa.selenium.remote.NoSuchDriverException -->
          <reporter-output>
          </reporter-output>
        </test-method> <!-- testdragdrop -->
        <test-method signature="testcheckbox()[pri:1, instance:Wipro.TestNG.MultipleTestCases@32502377]" started-at="2025-08-24T15:27:40 IST" name="testcheckbox" finished-at="2025-08-24T15:27:46 IST" duration-ms="6259" status="PASS">
          <reporter-output>
          </reporter-output>
        </test-method> <!-- testcheckbox -->
        <test-method signature="testalerts()[pri:2, instance:Wipro.TestNG.MultipleTestCases@32502377]" started-at="2025-08-24T15:27:46 IST" name="testalerts" finished-at="2025-08-24T15:28:08 IST" duration-ms="21085" status="PASS">
          <reporter-output>
          </reporter-output>
        </test-method> <!-- testalerts -->
      </class> <!-- Wipro.TestNG.MultipleTestCases -->
      <class name="Wipro.TestNG.labsession16august_Q1">
        <test-method signature="loginTest()[pri:0, instance:Wipro.TestNG.labsession16august_Q1@7c711375]" started-at="2025-08-24T15:27:33 IST" name="loginTest" finished-at="2025-08-24T15:27:33 IST" duration-ms="4" status="PASS">
          <reporter-output>
          </reporter-output>
        </test-method> <!-- loginTest -->
        <test-method signature="logoutTest()[pri:0, instance:Wipro.TestNG.labsession16august_Q1@7c711375]" started-at="2025-08-24T15:27:33 IST" name="logoutTest" finished-at="2025-08-24T15:27:33 IST" duration-ms="0" status="PASS">
          <reporter-output>
          </reporter-output>
        </test-method> <!-- logoutTest -->
        <test-method signature="paymentTest()[pri:0, instance:Wipro.TestNG.labsession16august_Q1@7c711375]" started-at="2025-08-24T15:27:33 IST" name="paymentTest" finished-at="2025-08-24T15:27:33 IST" duration-ms="1" status="PASS">
          <reporter-output>
          </reporter-output>
        </test-method> <!-- paymentTest -->
      </class> <!-- Wipro.TestNG.labsession16august_Q1 -->
    </test> <!-- Smoke Tests -->
  </suite> <!-- Functional Suite -->
</testng-results>
